<?xml version="1.0" encoding="UTF-8"?>
<!-- Generated by org.testng.reporters.JUnitXMLReporter -->
<testsuite ignored="0" hostname="DESKTOP-GLLLVCE" failures="0" tests="5" name="Test1" time="92.15" errors="0" timestamp="2023-12-14T17:36:08 IST">
  <testcase classname="CrossBrowserExecution.DemoWebShop" name="login" time="12.917"/>
  <testcase classname="CrossBrowserExecution.ShoppersStack" name="login" time="15.679"/>
  <testcase classname="CrossBrowserExecution.ActiTime" name="login" time="16.734"/>
  <testcase classname="CrossBrowserExecution.TestBlog" name="login" time="18.317"/>
  <testcase classname="CrossBrowserExecution.VTiger" name="login" time="28.452"/>
</testsuite> <!-- Test1 -->
