<?xml version="1.0" encoding="UTF-8"?>
<testng-results ignored="0" total="1" passed="1" failed="0" skipped="0">
  <reporter-output>
  </reporter-output>
  <suite started-at="2024-08-19T17:15:03 IST" name="Default suite" finished-at="2024-08-19T17:15:15 IST" duration-ms="12225">
    <groups>
      <group name="Smoke">
        <method signature="Fossil.fossil()[pri:0, instance:WatchBatchExecutionTestNG.Fossil@16a0ee18]" name="fossil" class="WatchBatchExecutionTestNG.Fossil"/>
      </group> <!-- Smoke -->
    </groups>
    <test started-at="2024-08-19T17:15:03 IST" name="Default test" finished-at="2024-08-19T17:15:15 IST" duration-ms="12225">
      <class name="WatchBatchExecutionTestNG.Fossil">
        <test-method signature="fossil()[pri:0, instance:WatchBatchExecutionTestNG.Fossil@16a0ee18]" started-at="2024-08-19T17:15:03 IST" name="fossil" finished-at="2024-08-19T17:15:15 IST" duration-ms="12179" status="PASS">
          <reporter-output>
          </reporter-output>
        </test-method> <!-- fossil -->
      </class> <!-- WatchBatchExecutionTestNG.Fossil -->
    </test> <!-- Default test -->
  </suite> <!-- Default suite -->
</testng-results>
